<?xml version="1.0" encoding="UTF-8"?>
<!-- Generated by org.testng.reporters.JUnitReportReporter -->
<testsuite hostname="DESKTOP-835H1HG" failures="0" tests="2" name="com.govind.com.Meavenproject1.TestAnnations" time="128.305" errors="0" timestamp="2023-10-02T16:04:09 IST" skipped="0">
  <testcase classname="com.govind.com.Meavenproject1.TestAnnations" name="loginlogoutTest" time="92.204"/>
  <testcase classname="com.govind.com.Meavenproject1.TestAnnations" name="titletest" time="36.101"/>
</testsuite> <!-- com.govind.com.Meavenproject1.TestAnnations -->
