<?xml version="1.0" encoding="UTF-8"?>
<!-- Generated by org.testng.reporters.JUnitReportReporter -->
<testsuite hostname="DESKTOP-835H1HG" failures="0" tests="2" name="com.govind.com.Meavenproject.Annatotaions" time="51.351" errors="0" timestamp="2023-10-02T15:22:45 IST" skipped="0">
  <testcase classname="com.govind.com.Meavenproject.Annatotaions" name="geturl" time="34.570"/>
  <testcase classname="com.govind.com.Meavenproject.Annatotaions" name="titletest" time="16.781"/>
</testsuite> <!-- com.govind.com.Meavenproject.Annatotaions -->
